<?xml version="1.0" encoding="UTF-8"?>
<!-- Generated by org.testng.reporters.JUnitXMLReporter -->
<testsuite ignored="33" hostname="TL452" failures="0" tests="1" name="Default test" time="181.036" errors="0" timestamp="2023-12-19T18:17:12 IST">
  <testcase classname="com.marcombios.testCases.BiographyTest" name="verifyConsultantSubmissions_TC35353_TC35351" time="151.485"/>
  <testcase classname="com.marcombios.testCases.BiographyTest" name="verifyUserApprovePublish_TC35362" time="0.0">
    <ignored/>
  </testcase> <!-- verifyUserApprovePublish_TC35362 -->
  <testcase classname="com.marcombios.testCases.BiographyTest" name="verifyCloseIcon" time="0.0">
    <ignored/>
  </testcase> <!-- verifyCloseIcon -->
  <testcase classname="com.marcombios.testCases.BiographyTest" name="verifyMenuBar_TC38665" time="0.0">
    <ignored/>
  </testcase> <!-- verifyMenuBar_TC38665 -->
  <testcase classname="com.marcombios.testCases.BiographyTest" name="verifySearchBioPage_TC38232" time="0.0">
    <ignored/>
  </testcase> <!-- verifySearchBioPage_TC38232 -->
  <testcase classname="com.marcombios.testCases.BiographyTest" name="verifyHideEmail_TC41204" time="0.0">
    <ignored/>
  </testcase> <!-- verifyHideEmail_TC41204 -->
  <testcase classname="com.marcombios.testCases.BiographyTest" name="verifySubmitBioFormNoFill" time="0.0">
    <ignored/>
  </testcase> <!-- verifySubmitBioFormNoFill -->
  <testcase classname="com.marcombios.testCases.BiographyTest" name="verifyEditorCompleteReview_TC35360" time="0.0">
    <ignored/>
  </testcase> <!-- verifyEditorCompleteReview_TC35360 -->
  <testcase classname="com.marcombios.testCases.BiographyTest" name="verifyAdminUnlockYes_TC48265" time="0.0">
    <ignored/>
  </testcase> <!-- verifyAdminUnlockYes_TC48265 -->
  <testcase classname="com.marcombios.testCases.BiographyTest" name="verifyHideEmailExistingBio_TC41206" time="0.0">
    <ignored/>
  </testcase> <!-- verifyHideEmailExistingBio_TC41206 -->
  <testcase classname="com.marcombios.testCases.BiographyTest" name="verifyEditorSubmitFurtherReview_TC35358" time="0.0">
    <ignored/>
  </testcase> <!-- verifyEditorSubmitFurtherReview_TC35358 -->
  <testcase classname="com.marcombios.testCases.BiographyTest" name="verifyEmailInPDF_TC41202" time="0.0">
    <ignored/>
  </testcase> <!-- verifyEmailInPDF_TC41202 -->
  <testcase classname="com.marcombios.testCases.BiographyTest" name="verifyConsultantSave_TC35352" time="0.0">
    <ignored/>
  </testcase> <!-- verifyConsultantSave_TC35352 -->
  <testcase classname="com.marcombios.testCases.BiographyTest" name="verifyAutoApprove_TC48073" time="0.0">
    <ignored/>
  </testcase> <!-- verifyAutoApprove_TC48073 -->
  <testcase classname="com.marcombios.testCases.BiographyTest" name="verifyUnlockOption_TC48266" time="0.0">
    <ignored/>
  </testcase> <!-- verifyUnlockOption_TC48266 -->
  <testcase classname="com.marcombios.testCases.BiographyTest" name="verifyConsultantEditSubmit_TC35356" time="0.0">
    <ignored/>
  </testcase> <!-- verifyConsultantEditSubmit_TC35356 -->
  <testcase classname="com.marcombios.testCases.BiographyTest" name="verifyAttachments" time="0.0">
    <ignored/>
  </testcase> <!-- verifyAttachments -->
  <testcase classname="com.marcombios.testCases.BiographyTest" name="verifyWebAddressPDF_TC41203" time="0.0">
    <ignored/>
  </testcase> <!-- verifyWebAddressPDF_TC41203 -->
  <testcase classname="com.marcombios.testCases.BiographyTest" name="verifyMasterPublishCompleted_TC35367" time="0.0">
    <ignored/>
  </testcase> <!-- verifyMasterPublishCompleted_TC35367 -->
  <testcase classname="com.marcombios.testCases.BiographyTest" name="verifyConsultantEditSave_TC35356" time="0.0">
    <ignored/>
  </testcase> <!-- verifyConsultantEditSave_TC35356 -->
  <testcase classname="com.marcombios.testCases.BiographyTest" name="verifyHideEmailNewBio_TC41207" time="0.0">
    <ignored/>
  </testcase> <!-- verifyHideEmailNewBio_TC41207 -->
  <testcase classname="com.marcombios.testCases.BiographyTest" name="verifyPreviewandPDFNewBio_TC41209" time="0.0">
    <ignored/>
  </testcase> <!-- verifyPreviewandPDFNewBio_TC41209 -->
  <testcase classname="com.marcombios.testCases.BiographyTest" name="verifyAdminUnlockNo_TC48265" time="0.0">
    <ignored/>
  </testcase> <!-- verifyAdminUnlockNo_TC48265 -->
  <testcase classname="com.marcombios.testCases.BiographyTest" name="verifyPreviewandPDFExistingBio_TC41210" time="0.0">
    <ignored/>
  </testcase> <!-- verifyPreviewandPDFExistingBio_TC41210 -->
  <testcase classname="com.marcombios.testCases.BiographyTest" name="verifyUserMarkUrgent_TC35364" time="0.0">
    <ignored/>
  </testcase> <!-- verifyUserMarkUrgent_TC35364 -->
  <testcase classname="com.marcombios.testCases.BiographyTest" name="verifyDoNotDisplayEmail_TC41205" time="0.0">
    <ignored/>
  </testcase> <!-- verifyDoNotDisplayEmail_TC41205 -->
  <testcase classname="com.marcombios.testCases.BiographyTest" name="verifyUserPublishWeb_TC35365" time="0.0">
    <ignored/>
  </testcase> <!-- verifyUserPublishWeb_TC35365 -->
  <testcase classname="com.marcombios.testCases.BiographyTest" name="verifyCloseButton" time="0.0">
    <ignored/>
  </testcase> <!-- verifyCloseButton -->
  <testcase classname="com.marcombios.testCases.BiographyTest" name="verifySubmitStatusFormNoFill" time="0.0">
    <ignored/>
  </testcase> <!-- verifySubmitStatusFormNoFill -->
  <testcase classname="com.marcombios.testCases.BiographyTest" name="verifyMarcomEditorSave_TC35357" time="0.0">
    <ignored/>
  </testcase> <!-- verifyMarcomEditorSave_TC35357 -->
  <testcase classname="com.marcombios.testCases.BiographyTest" name="verifyEditPublishStatus_TC48074" time="0.0">
    <ignored/>
  </testcase> <!-- verifyEditPublishStatus_TC48074 -->
  <testcase classname="com.marcombios.testCases.BiographyTest" name="verifyAutoformatEmail_TC41200" time="0.0">
    <ignored/>
  </testcase> <!-- verifyAutoformatEmail_TC41200 -->
  <testcase classname="com.marcombios.testCases.BiographyTest" name="verifyHideEmailPDF_TC41208" time="0.0">
    <ignored/>
  </testcase> <!-- verifyHideEmailPDF_TC41208 -->
  <testcase classname="com.marcombios.testCases.BiographyTest" name="verifyEmailInPDF_TC41201" time="0.0">
    <ignored/>
  </testcase> <!-- verifyEmailInPDF_TC41201 -->
</testsuite> <!-- Default test -->
