<?xml version="1.0" encoding="UTF-8"?>
<!-- Generated by org.testng.reporters.JUnitXMLReporter -->
<testsuite ignored="0" hostname="TL452" failures="1" tests="1" name="Test" time="4.482" errors="0" timestamp="2023-12-06T16:06:12 IST">
  <testcase classname="Resources.EmailTest" name="TestEmail" time="0.576">
    <failure type="javax.mail.AuthenticationFailedException" message="AUTHENTICATE failed.">
      <![CDATA[javax.mail.AuthenticationFailedException: AUTHENTICATE failed.
at com.sun.mail.imap.IMAPStore.protocolConnect(IMAPStore.java:732)
at javax.mail.Service.connect(Service.java:366)
at Resources.Email.verifyMail(Email.java:26)
at Resources.EmailTest.TestEmail(EmailTest.java:30)
at java.base/java.util.ArrayList.forEach(ArrayList.java:1596)
... Removed 25 stack frames]]>
    </failure>
  </testcase> <!-- TestEmail -->
</testsuite> <!-- Test -->
