<?xml version="1.0" encoding="UTF-8"?>
<testng-results ignored="0" total="1" passed="1" failed="0" skipped="0">
  <reporter-output>
  </reporter-output>
  <suite started-at="2023-12-19T18:14:11 IST" name="Default suite" finished-at="2023-12-19T18:17:12 IST" duration-ms="181036">
    <groups>
    </groups>
    <test started-at="2023-12-19T18:14:11 IST" name="Default test" finished-at="2023-12-19T18:17:12 IST" duration-ms="181036">
      <class name="com.marcombios.testCases.BiographyTest">
        <test-method is-config="true" signature="setup(java.lang.String)[pri:0, instance:com.marcombios.testCases.BiographyTest@4009e306]" started-at="2023-12-19T18:14:11 IST" name="setup" finished-at="2023-12-19T18:14:17 IST" duration-ms="5290" status="PASS">
          <params>
            <param index="0">
              <value>
                <![CDATA[chrome]]>
              </value>
            </param>
          </params>
          <reporter-output>
          </reporter-output>
        </test-method> <!-- setup -->
        <test-method is-config="true" signature="setup()[pri:0, instance:com.marcombios.testCases.BiographyTest@4009e306]" started-at="2023-12-19T18:14:17 IST" name="setup" finished-at="2023-12-19T18:14:40 IST" duration-ms="23033" status="PASS">
          <reporter-output>
          </reporter-output>
        </test-method> <!-- setup -->
        <test-method signature="verifyConsultantSubmissions_TC35353_TC35351()[pri:0, instance:com.marcombios.testCases.BiographyTest@4009e306]" started-at="2023-12-19T18:14:40 IST" name="verifyConsultantSubmissions_TC35353_TC35351" finished-at="2023-12-19T18:17:11 IST" duration-ms="151485" status="PASS">
          <reporter-output>
          </reporter-output>
        </test-method> <!-- verifyConsultantSubmissions_TC35353_TC35351 -->
        <test-method is-config="true" signature="tearDown()[pri:0, instance:com.marcombios.testCases.BiographyTest@4009e306]" started-at="2023-12-19T18:17:11 IST" name="tearDown" finished-at="2023-12-19T18:17:12 IST" duration-ms="1154" status="PASS">
          <reporter-output>
          </reporter-output>
        </test-method> <!-- tearDown -->
      </class> <!-- com.marcombios.testCases.BiographyTest -->
    </test> <!-- Default test -->
  </suite> <!-- Default suite -->
</testng-results>
